Arguments: 
  C:\Program Files\nodejs\node.exe C:\Program Files\vtex\client\node_modules\yarn\bin\yarn.js --non-interactive --ignore-engines

PATH: 
  C:\Python313\Scripts\;C:\Python313\;C:\WINDOWS\system32;C:\WINDOWS;C:\WINDOWS\System32\Wbem;C:\WINDOWS\System32\WindowsPowerShell\v1.0\;C:\WINDOWS\System32\OpenSSH\;C:\Program Files (x86)\NVIDIA Corporation\PhysX\Common;C:\Program Files\NVIDIA Corporation\NVIDIA app\NvDLISR;C:\Program Files\Git\cmd;C:\Program Files\Docker\Docker\resources\bin;C:\Program Files\dotnet\;C:\xampp\php;C:\composer;C:\Program Files\nodejs\;C:\ProgramData\chocolatey\bin;C:\Users\User\AppData\Roaming\npm\;C:\Users\User\AppData\Local\Microsoft\WindowsApps;C:\Users\User\AppData\Local\GitHubDesktop\bin;C:\Users\User\AppData\Roaming\Composer\vendor\bin;C:\Users\User\AppData\Local\Programs\Microsoft VS Code\bin;C:\Users\User\AppData\Roaming\npm;C:\Program Files\vtex\bin;C:\Program Files\wake;C:\Users\User\.dotnet\tools

Yarn version: 
  1.22.10

Node version: 
  22.12.0

Platform: 
  win32 x64

Trace: 
  Error: connect ETIMEDOUT 2606:4700::6810:123:443
      at TCPConnectWrap.afterConnect [as oncomplete] (node:net:1615:16)

npm manifest: 
  {
    "name": "store-apps",
    "private": true,
    "version": "1.0.0",
    "license": "UNLICENSED",
    "devDependencies": {
      "@vtex/tsconfig": "^0.6.0",
      "celdom.store-theme": "https://dev01--celdom.myvtex.com/_v/private/typings/linked/v1/celdom.store-theme@1.0.1+build1744390553/public/@types/celdom.store-theme",
      "vtex.add-to-cart-button": "http://vtex.vtexassets.com/_v/public/typings/v1/vtex.add-to-cart-button@0.30.2/public/@types/vtex.add-to-cart-button",
      "vtex.availability-notify": "http://vtex.vtexassets.com/_v/public/typings/v1/vtex.availability-notify@1.13.1/public/@types/vtex.availability-notify",
      "vtex.breadcrumb": "http://vtex.vtexassets.com/_v/public/typings/v1/vtex.breadcrumb@1.9.5/public/@types/vtex.breadcrumb",
      "vtex.carousel": "http://vtex.vtexassets.com/_v/public/typings/v1/vtex.carousel@2.12.1/public/@types/vtex.carousel",
      "vtex.category-menu": "http://vtex.vtexassets.com/_v/public/typings/v1/vtex.category-menu@2.18.1/public/@types/vtex.category-menu",
      "vtex.checkout-summary": "http://vtex.vtexassets.com/_v/public/typings/v1/vtex.checkout-summary@0.22.0/public/@types/vtex.checkout-summary",
      "vtex.condition-layout": "http://vtex.vtexassets.com/_v/public/typings/v1/vtex.condition-layout@2.8.1/public/@types/vtex.condition-layout",
      "vtex.css-handles": "http://vtex.vtexassets.com/_v/public/typings/v1/vtex.css-handles@1.0.1/public/@types/vtex.css-handles",
      "vtex.disclosure-layout": "http://vtex.vtexassets.com/_v/public/typings/v1/vtex.disclosure-layout@1.0.3/public/@types/vtex.disclosure-layout",
      "vtex.flex-layout": "http://vtex.vtexassets.com/_v/public/typings/v1/vtex.flex-layout@0.21.4/public/@types/vtex.flex-layout",
      "vtex.format-currency": "http://vtex.vtexassets.com/_v/public/typings/v1/vtex.format-currency@0.4.1/public/@types/vtex.format-currency",
      "vtex.iframe": "http://vtex.vtexassets.com/_v/public/typings/v1/vtex.iframe@0.8.0/public/@types/vtex.iframe",
      "vtex.locale-switcher": "http://vtex.vtexassets.com/_v/public/typings/v1/vtex.locale-switcher@0.5.6/public/@types/vtex.locale-switcher",
      "vtex.login": "http://vtex.vtexassets.com/_v/public/typings/v1/vtex.login@2.66.0/public/@types/vtex.login",
      "vtex.menu": "http://vtex.vtexassets.com/_v/public/typings/v1/vtex.menu@2.35.3/public/@types/vtex.menu",
      "vtex.minicart": "http://vtex.vtexassets.com/_v/public/typings/v1/vtex.minicart@2.68.0/public/@types/vtex.minicart",
      "vtex.modal-layout": "http://vtex.vtexassets.com/_v/public/typings/v1/vtex.modal-layout@0.14.1/public/@types/vtex.modal-layout",
      "vtex.my-account": "http://vtex.vtexassets.com/_v/public/typings/v1/vtex.my-account@1.29.0/public/@types/vtex.my-account",
      "vtex.order-manager": "http://vtex.vtexassets.com/_v/public/typings/v1/vtex.order-manager@0.12.0/public/@types/vtex.order-manager",
      "vtex.order-placed": "http://vtex.vtexassets.com/_v/public/typings/v1/vtex.order-placed@2.19.0/public/@types/vtex.order-placed",
      "vtex.overlay-layout": "http://vtex.vtexassets.com/_v/public/typings/v1/vtex.overlay-layout@0.1.3/public/@types/vtex.overlay-layout",
      "vtex.product-availability": "http://vtex.vtexassets.com/_v/public/typings/v1/vtex.product-availability@0.3.2/public/@types/vtex.product-availability",
      "vtex.product-context": "http://vtex.vtexassets.com/_v/public/typings/v1/vtex.product-context@0.10.1/public/@types/vtex.product-context",
      "vtex.product-details": "http://vtex.vtexassets.com/_v/public/typings/v1/vtex.product-details@1.22.0/public/@types/vtex.product-details",
      "vtex.product-highlights": "http://vtex.vtexassets.com/_v/public/typings/v1/vtex.product-highlights@2.3.0/public/@types/vtex.product-highlights",
      "vtex.product-identifier": "http://vtex.vtexassets.com/_v/public/typings/v1/vtex.product-identifier@0.5.0/public/@types/vtex.product-identifier",
      "vtex.product-kit": "http://vtex.vtexassets.com/_v/public/typings/v1/vtex.product-kit@1.10.2/public/_types/react",
      "vtex.product-list": "http://vtex.vtexassets.com/_v/public/typings/v1/vtex.product-list@0.37.3/public/@types/vtex.product-list",
      "vtex.product-price": "http://vtex.vtexassets.com/_v/public/typings/v1/vtex.product-price@1.31.2/public/@types/vtex.product-price",
      "vtex.product-quantity": "http://vtex.vtexassets.com/_v/public/typings/v1/vtex.product-quantity@1.9.0/public/@types/vtex.product-quantity",
      "vtex.product-review-interfaces": "http://vtex.vtexassets.com/_v/public/typings/v1/vtex.product-review-interfaces@1.0.2/public/_types/react",
      "vtex.product-specification-badges": "http://vtex.vtexassets.com/_v/public/typings/v1/vtex.product-specification-badges@0.4.1/public/@types/vtex.product-specification-badges",
      "vtex.product-summary": "http://vtex.vtexassets.com/_v/public/typings/v1/vtex.product-summary@2.90.3/public/@types/vtex.product-summary",
      "vtex.render-runtime": "http://vtex.vtexassets.com/_v/public/typings/v1/vtex.render-runtime@8.136.1/public/@types/vtex.render-runtime",
      "vtex.responsive-layout": "http://vtex.vtexassets.com/_v/public/typings/v1/vtex.responsive-layout@0.1.4/public/@types/vtex.responsive-layout",
      "vtex.rich-text": "http://vtex.vtexassets.com/_v/public/typings/v1/vtex.rich-text@0.16.0/public/@types/vtex.rich-text",
      "vtex.search-result": "http://vtex.vtexassets.com/_v/public/typings/v1/vtex.search-result@3.136.1/public/@types/vtex.search-result",
      "vtex.session-client": "http://vtex.vtexassets.com/_v/public/typings/v1/vtex.session-client@1.0.4/public/@types/vtex.session-client",
      "vtex.shelf": "http://vtex.vtexassets.com/_v/public/typings/v1/vtex.shelf@1.49.0/public/@types/vtex.shelf",
      "vtex.slider": "http://vtex.vtexassets.com/_v/public/typings/v1/vtex.slider@0.8.3/public/@types/vtex.slider",
      "vtex.slider-layout": "http://vtex.vtexassets.com/_v/public/typings/v1/vtex.slider-layout@0.24.7/public/@types/vtex.slider-layout",
      "vtex.stack-layout": "http://vtex.vtexassets.com/_v/public/typings/v1/vtex.stack-layout@0.1.2/public/@types/vtex.stack-layout",
      "vtex.sticky-layout": "http://vtex.vtexassets.com/_v/public/typings/v1/vtex.sticky-layout@0.3.4/public/@types/vtex.sticky-layout",
      "vtex.store": "http://vtex.vtexassets.com/_v/public/typings/v1/vtex.store@2.141.0/public/@types/vtex.store",
      "vtex.store-components": "http://vtex.vtexassets.com/_v/public/typings/v1/vtex.store-components@3.178.0/public/@types/vtex.store-components",
      "vtex.store-drawer": "http://vtex.vtexassets.com/_v/public/typings/v1/vtex.store-drawer@0.18.1/public/@types/vtex.store-drawer",
      "vtex.store-footer": "http://vtex.vtexassets.com/_v/public/typings/v1/vtex.store-footer@2.27.0/public/@types/vtex.store-footer",
      "vtex.store-graphql": "http://vtex.vtexassets.com/_v/public/typings/v1/vtex.store-graphql@2.173.0/public/@types/vtex.store-graphql",
      "vtex.store-header": "http://vtex.vtexassets.com/_v/public/typings/v1/vtex.store-header@2.29.0/public/@types/vtex.store-header",
      "vtex.store-icons": "http://vtex.vtexassets.com/_v/public/typings/v1/vtex.store-icons@0.18.0/public/@types/vtex.store-icons",
      "vtex.store-image": "http://vtex.vtexassets.com/_v/public/typings/v1/vtex.store-image@0.23.1/public/@types/vtex.store-image",
      "vtex.store-link": "http://vtex.vtexassets.com/_v/public/typings/v1/vtex.store-link@0.9.3/public/@types/vtex.store-link",
      "vtex.store-media": "http://vtex.vtexassets.com/_v/public/typings/v1/vtex.store-media@0.3.0/public/@types/vtex.store-media",
      "vtex.store-newsletter": "http://vtex.vtexassets.com/_v/public/typings/v1/vtex.store-newsletter@1.3.0/public/@types/vtex.store-newsletter",
      "vtex.store-video": "http://vtex.vtexassets.com/_v/public/typings/v1/vtex.store-video@1.4.3/public/@types/vtex.store-video",
      "vtex.styleguide": "http://vtex.vtexassets.com/_v/public/typings/v1/vtex.styleguide@9.146.13/public/@types/vtex.styleguide",
      "vtex.tab-layout": "http://vtex.vtexassets.com/_v/public/typings/v1/vtex.tab-layout@0.4.6/public/@types/vtex.tab-layout",
      "vtex.telemarketing": "http://vtex.vtexassets.com/_v/public/typings/v1/vtex.telemarketing@2.12.1/public/@types/vtex.telemarketing",
      "vtex.wish-list": "http://vtex.vtexassets.com/_v/public/typings/v1/vtex.wish-list@1.18.2/public/@types/vtex.wish-list"
    },
    "dependencies": {
      "axios": "^1.3.5",
      "styled-components": "^5.3.5"
    }
  }

yarn manifest: 
  No manifest

Lockfile: 
  # THIS IS AN AUTOGENERATED FILE. DO NOT EDIT THIS FILE DIRECTLY.
  # yarn lockfile v1
  
  
  "@vtex/tsconfig@^0.6.0":
    version "0.6.0"
    resolved "https://registry.yarnpkg.com/@vtex/tsconfig/-/tsconfig-0.6.0.tgz#c9dfffc95d2ef55195237411f9c15269ca30b2a5"
    integrity sha512-SVQBxaSdEVdpJFja1aVTIiZBgpQKePyYOUWGzcYq6LYkSWqSbz2LoC7TuLUsmfweYmVkv8+4eVuxcDpQVEpq1A==
  
  asynckit@^0.4.0:
    version "0.4.0"
    resolved "https://registry.yarnpkg.com/asynckit/-/asynckit-0.4.0.tgz#c79ed97f7f34cb8f2ba1bc9790bcc366474b4b79"
    integrity sha512-Oei9OH4tRh0YqU3GxhX79dM/mwVgvbZJaSNaRk+bshkj0S5cfHcgYakreBjrHwatXKbz+IoIdYLxrKim2MjW0Q==
  
  axios@^1.3.5:
    version "1.3.5"
    resolved "https://registry.yarnpkg.com/axios/-/axios-1.3.5.tgz#e07209b39a0d11848e3e341fa087acd71dadc542"
    integrity sha512-glL/PvG/E+xCWwV8S6nCHcrfg1exGx7vxyUIivIA1iL7BIh6bePylCfVHwp6k13ao7SATxB6imau2kqY+I67kw==
    dependencies:
      follow-redirects "^1.15.0"
      form-data "^4.0.0"
      proxy-from-env "^1.1.0"
  
  "celdom.store-theme@https://dev01--celdom.myvtex.com/_v/private/typings/linked/v1/celdom.store-theme@1.0.1+build1744390553/public/@types/celdom.store-theme":
    version "1.0.1"
    resolved "https://dev01--celdom.myvtex.com/_v/private/typings/linked/v1/celdom.store-theme@1.0.1+build1744390553/public/@types/celdom.store-theme#c52012dd226695bd9b2391bc347ff6b92e615343"
  
  combined-stream@^1.0.8:
    version "1.0.8"
    resolved "https://registry.yarnpkg.com/combined-stream/-/combined-stream-1.0.8.tgz#c3d45a8b34fd730631a110a8a2520682b31d5a7f"
    integrity sha512-FQN4MRfuJeHf7cBbBMJFXhKSDq+2kAArBlmRBvcvFE5BB1HZKXtSFASDhdlz9zOYwxh8lDdnvmMOe/+5cdoEdg==
    dependencies:
      delayed-stream "~1.0.0"
  
  delayed-stream@~1.0.0:
    version "1.0.0"
    resolved "https://registry.yarnpkg.com/delayed-stream/-/delayed-stream-1.0.0.tgz#df3ae199acadfb7d440aaae0b29e2272b24ec619"
    integrity sha512-ZySD7Nf91aLB0RxL4KGrKHBXl7Eds1DAmEdcoVawXnLD7SDhpNgtuII2aAkg7a7QS41jxPSZ17p4VdGnMHk3MQ==
  
  follow-redirects@^1.15.0:
    version "1.15.2"
    resolved "https://registry.yarnpkg.com/follow-redirects/-/follow-redirects-1.15.2.tgz#b460864144ba63f2681096f274c4e57026da2c13"
    integrity sha512-VQLG33o04KaQ8uYi2tVNbdrWp1QWxNNea+nmIB4EVM28v0hmP17z7aG1+wAkNzVq4KeXTq3221ye5qTJP91JwA==
  
  form-data@^4.0.0:
    version "4.0.0"
    resolved "https://registry.yarnpkg.com/form-data/-/form-data-4.0.0.tgz#93919daeaf361ee529584b9b31664dc12c9fa452"
    integrity sha512-ETEklSGi5t0QMZuiXoA/Q6vcnxcLQP5vdugSpuAyi6SVGi2clPPp+xgEhuMaHC+zGgn31Kd235W35f7Hykkaww==
    dependencies:
      asynckit "^0.4.0"
      combined-stream "^1.0.8"
      mime-types "^2.1.12"
  
  mime-db@1.52.0:
    version "1.52.0"
    resolved "https://registry.yarnpkg.com/mime-db/-/mime-db-1.52.0.tgz#bbabcdc02859f4987301c856e3387ce5ec43bf70"
    integrity sha512-sPU4uV7dYlvtWJxwwxHD0PuihVNiE7TyAbQ5SWxDCB9mUYvOgroQOwYQQOKPJ8CIbE+1ETVlOoK1UC2nU3gYvg==
  
  mime-types@^2.1.12:
    version "2.1.35"
    resolved "https://registry.yarnpkg.com/mime-types/-/mime-types-2.1.35.tgz#381a871b62a734450660ae3deee44813f70d959a"
    integrity sha512-ZDY+bPm5zTTF+YpCrAU9nK0UgICYPT0QtT1NZWFv4s++TNkcgVaT0g6+4R2uI4MjQjzysHB1zxuWL50hzaeXiw==
    dependencies:
      mime-db "1.52.0"
  
  proxy-from-env@^1.1.0:
    version "1.1.0"
    resolved "https://registry.yarnpkg.com/proxy-from-env/-/proxy-from-env-1.1.0.tgz#e102f16ca355424865755d2c9e8ea4f24d58c3e2"
    integrity sha512-D+zkORCbA9f1tdWRK0RaCR3GPv50cMxcrz4X8k5LTSUD1Dkw47mKJEZQNunItRTkWwgtaUSo1RVFRIG9ZXiFYg==
  
  "vtex.add-to-cart-button@http://vtex.vtexassets.com/_v/public/typings/v1/vtex.add-to-cart-button@0.30.2/public/@types/vtex.add-to-cart-button":
    version "0.30.2"
    resolved "http://vtex.vtexassets.com/_v/public/typings/v1/vtex.add-to-cart-button@0.30.2/public/@types/vtex.add-to-cart-button#460e38a0fca759d2eba382ebe6cd92d6c645b0b6"
  
  "vtex.availability-notify@http://vtex.vtexassets.com/_v/public/typings/v1/vtex.availability-notify@1.13.1/public/@types/vtex.availability-notify":
    version "1.13.1"
    resolved "http://vtex.vtexassets.com/_v/public/typings/v1/vtex.availability-notify@1.13.1/public/@types/vtex.availability-notify#7ada0839a805336f28ad38e759dbc779eda51d99"
  
  "vtex.breadcrumb@http://vtex.vtexassets.com/_v/public/typings/v1/vtex.breadcrumb@1.9.5/public/@types/vtex.breadcrumb":
    version "1.9.5"
    resolved "http://vtex.vtexassets.com/_v/public/typings/v1/vtex.breadcrumb@1.9.5/public/@types/vtex.breadcrumb#261c73e9840f168c36ce30e687982a227728ab86"
  
  "vtex.carousel@http://vtex.vtexassets.com/_v/public/typings/v1/vtex.carousel@2.12.1/public/@types/vtex.carousel":
    version "2.12.1"
    resolved "http://vtex.vtexassets.com/_v/public/typings/v1/vtex.carousel@2.12.1/public/@types/vtex.carousel#f99139a9d22227fa239192a058defd13f8cc50be"
  
  "vtex.category-menu@http://vtex.vtexassets.com/_v/public/typings/v1/vtex.category-menu@2.18.1/public/@types/vtex.category-menu":
    version "2.18.1"
    resolved "http://vtex.vtexassets.com/_v/public/typings/v1/vtex.category-menu@2.18.1/public/@types/vtex.category-menu#35e1b6fc8685f65fa63aaa562d30b44255bc0891"
  
  "vtex.checkout-summary@http://vtex.vtexassets.com/_v/public/typings/v1/vtex.checkout-summary@0.22.0/public/@types/vtex.checkout-summary":
    version "0.22.0"
    resolved "http://vtex.vtexassets.com/_v/public/typings/v1/vtex.checkout-summary@0.22.0/public/@types/vtex.checkout-summary#c6d3dbd76be90cd18c4a6e03a00284dc4f12f352"
  
  "vtex.condition-layout@http://vtex.vtexassets.com/_v/public/typings/v1/vtex.condition-layout@2.8.1/public/@types/vtex.condition-layout":
    version "2.8.1"
    resolved "http://vtex.vtexassets.com/_v/public/typings/v1/vtex.condition-layout@2.8.1/public/@types/vtex.condition-layout#59d2d0f17849703ddea25436a72c6cf3e300d6b4"
  
  "vtex.css-handles@http://vtex.vtexassets.com/_v/public/typings/v1/vtex.css-handles@1.0.1/public/@types/vtex.css-handles":
    version "1.0.1"
    resolved "http://vtex.vtexassets.com/_v/public/typings/v1/vtex.css-handles@1.0.1/public/@types/vtex.css-handles#9444e64afad49e3ace3461f170b7d28f29b78d07"
  
  "vtex.disclosure-layout@http://vtex.vtexassets.com/_v/public/typings/v1/vtex.disclosure-layout@1.0.3/public/@types/vtex.disclosure-layout":
    version "1.0.3"
    resolved "http://vtex.vtexassets.com/_v/public/typings/v1/vtex.disclosure-layout@1.0.3/public/@types/vtex.disclosure-layout#15590cd6a3f23e5a7591d76ad1a44b5c0c6a088a"
  
  "vtex.flex-layout@http://vtex.vtexassets.com/_v/public/typings/v1/vtex.flex-layout@0.21.4/public/@types/vtex.flex-layout":
    version "0.21.4"
    resolved "http://vtex.vtexassets.com/_v/public/typings/v1/vtex.flex-layout@0.21.4/public/@types/vtex.flex-layout#734117ec07fb9102bfa9d72cd12a7555b5594238"
  
  "vtex.format-currency@http://vtex.vtexassets.com/_v/public/typings/v1/vtex.format-currency@0.4.1/public/@types/vtex.format-currency":
    version "0.4.1"
    resolved "http://vtex.vtexassets.com/_v/public/typings/v1/vtex.format-currency@0.4.1/public/@types/vtex.format-currency#aaed82b498270f0bb6f37e93eff7e7f401e4d283"
  
  "vtex.iframe@http://vtex.vtexassets.com/_v/public/typings/v1/vtex.iframe@0.8.0/public/@types/vtex.iframe":
    version "0.8.0"
    resolved "http://vtex.vtexassets.com/_v/public/typings/v1/vtex.iframe@0.8.0/public/@types/vtex.iframe#201ccc038cec1a5eeb5e1e5a751a7337268d198e"
  
  "vtex.locale-switcher@http://vtex.vtexassets.com/_v/public/typings/v1/vtex.locale-switcher@0.5.6/public/@types/vtex.locale-switcher":
    version "0.5.6"
    resolved "http://vtex.vtexassets.com/_v/public/typings/v1/vtex.locale-switcher@0.5.6/public/@types/vtex.locale-switcher#5db8558af5593d65e4fff3da0903d0081dfcab42"
  
  "vtex.login@http://vtex.vtexassets.com/_v/public/typings/v1/vtex.login@2.66.0/public/@types/vtex.login":
    version "2.66.0"
    resolved "http://vtex.vtexassets.com/_v/public/typings/v1/vtex.login@2.66.0/public/@types/vtex.login#b43620ca5b04d71e7f3823be3f68e77d5ee852bb"
  
  "vtex.menu@http://vtex.vtexassets.com/_v/public/typings/v1/vtex.menu@2.35.3/public/@types/vtex.menu":
    version "2.35.3"
    resolved "http://vtex.vtexassets.com/_v/public/typings/v1/vtex.menu@2.35.3/public/@types/vtex.menu#36f6f8bd973275e1c809c8153f41af3bfcb53417"
  
  "vtex.minicart@http://vtex.vtexassets.com/_v/public/typings/v1/vtex.minicart@2.68.0/public/@types/vtex.minicart":
    version "2.68.0"
    resolved "http://vtex.vtexassets.com/_v/public/typings/v1/vtex.minicart@2.68.0/public/@types/vtex.minicart#8370cc2da68f149743ef1dfb4ce5b1a64095970f"
  
  "vtex.modal-layout@http://vtex.vtexassets.com/_v/public/typings/v1/vtex.modal-layout@0.14.1/public/@types/vtex.modal-layout":
    version "0.14.1"
    resolved "http://vtex.vtexassets.com/_v/public/typings/v1/vtex.modal-layout@0.14.1/public/@types/vtex.modal-layout#c25eaff0dc7ecdc1021f4d00e354b9e23749c6f4"
  
  "vtex.my-account@http://vtex.vtexassets.com/_v/public/typings/v1/vtex.my-account@1.29.0/public/@types/vtex.my-account":
    version "1.29.0"
    resolved "http://vtex.vtexassets.com/_v/public/typings/v1/vtex.my-account@1.29.0/public/@types/vtex.my-account#014ffc22855e21f321b5ed81d1c95e547740b0ba"
  
  "vtex.order-manager@http://vtex.vtexassets.com/_v/public/typings/v1/vtex.order-manager@0.12.0/public/@types/vtex.order-manager":
    version "0.12.0"
    resolved "http://vtex.vtexassets.com/_v/public/typings/v1/vtex.order-manager@0.12.0/public/@types/vtex.order-manager#2cf6a9d2a31bc503b783c257695b0d17c09b5696"
  
  "vtex.order-placed@http://vtex.vtexassets.com/_v/public/typings/v1/vtex.order-placed@2.19.0/public/@types/vtex.order-placed":
    version "2.19.0"
    resolved "http://vtex.vtexassets.com/_v/public/typings/v1/vtex.order-placed@2.19.0/public/@types/vtex.order-placed#277b037e919f0ff1ce75f81a5ae2393788f2cc12"
  
  "vtex.overlay-layout@http://vtex.vtexassets.com/_v/public/typings/v1/vtex.overlay-layout@0.1.3/public/@types/vtex.overlay-layout":
    version "0.1.3"
    resolved "http://vtex.vtexassets.com/_v/public/typings/v1/vtex.overlay-layout@0.1.3/public/@types/vtex.overlay-layout#59950a8f730d416144dc24ad476e9011272b59d5"
  
  "vtex.product-availability@http://vtex.vtexassets.com/_v/public/typings/v1/vtex.product-availability@0.3.2/public/@types/vtex.product-availability":
    version "0.3.2"
    resolved "http://vtex.vtexassets.com/_v/public/typings/v1/vtex.product-availability@0.3.2/public/@types/vtex.product-availability#576fc7d63740ed38b3713a152b9c3ea67857897b"
  
  "vtex.product-context@http://vtex.vtexassets.com/_v/public/typings/v1/vtex.product-context@0.10.1/public/@types/vtex.product-context":
    version "0.10.1"
    resolved "http://vtex.vtexassets.com/_v/public/typings/v1/vtex.product-context@0.10.1/public/@types/vtex.product-context#86ceba68085420edcf54749f07e51a257d2e5d94"
  
  "vtex.product-details@http://vtex.vtexassets.com/_v/public/typings/v1/vtex.product-details@1.22.0/public/@types/vtex.product-details":
    version "1.22.0"
    resolved "http://vtex.vtexassets.com/_v/public/typings/v1/vtex.product-details@1.22.0/public/@types/vtex.product-details#c2829a3a2c8b8f48ee273280a86859449b9835f8"
  
  "vtex.product-highlights@http://vtex.vtexassets.com/_v/public/typings/v1/vtex.product-highlights@2.3.0/public/@types/vtex.product-highlights":
    version "2.3.0"
    resolved "http://vtex.vtexassets.com/_v/public/typings/v1/vtex.product-highlights@2.3.0/public/@types/vtex.product-highlights#ee2e664a9d45e42e147612e92f0decccaac23dc8"
  
  "vtex.product-identifier@http://vtex.vtexassets.com/_v/public/typings/v1/vtex.product-identifier@0.5.0/public/@types/vtex.product-identifier":
    version "0.5.0"
    resolved "http://vtex.vtexassets.com/_v/public/typings/v1/vtex.product-identifier@0.5.0/public/@types/vtex.product-identifier#f5d442b6a7ca648c61e8655a356e8588e49c43b2"
  
  "vtex.product-kit@http://vtex.vtexassets.com/_v/public/typings/v1/vtex.product-kit@1.10.2/public/_types/react":
    version "0.0.0"
    resolved "http://vtex.vtexassets.com/_v/public/typings/v1/vtex.product-kit@1.10.2/public/_types/react#fa7a0347e046eab3dd768998fc9252b2c0dd5aef"
  
  "vtex.product-list@http://vtex.vtexassets.com/_v/public/typings/v1/vtex.product-list@0.37.3/public/@types/vtex.product-list":
    version "0.37.3"
    resolved "http://vtex.vtexassets.com/_v/public/typings/v1/vtex.product-list@0.37.3/public/@types/vtex.product-list#cb28a95af49795fff2ca0a7b912bced2226f539d"
  
  "vtex.product-price@http://vtex.vtexassets.com/_v/public/typings/v1/vtex.product-price@1.31.2/public/@types/vtex.product-price":
    version "1.31.2"
    resolved "http://vtex.vtexassets.com/_v/public/typings/v1/vtex.product-price@1.31.2/public/@types/vtex.product-price#be552bf1afd1988811ef68a465d5aba7f55a8465"
  
  "vtex.product-quantity@http://vtex.vtexassets.com/_v/public/typings/v1/vtex.product-quantity@1.9.0/public/@types/vtex.product-quantity":
    version "1.9.0"
    resolved "http://vtex.vtexassets.com/_v/public/typings/v1/vtex.product-quantity@1.9.0/public/@types/vtex.product-quantity#686536c85e0bf7af98f803dc4385f959c181bb07"
  
  "vtex.product-review-interfaces@http://vtex.vtexassets.com/_v/public/typings/v1/vtex.product-review-interfaces@1.0.2/public/_types/react":
    version "1.0.2"
    resolved "http://vtex.vtexassets.com/_v/public/typings/v1/vtex.product-review-interfaces@1.0.2/public/_types/react#84d1997cdae079d1401611f3d4a4619ed914673f"
  
  "vtex.product-specification-badges@http://vtex.vtexassets.com/_v/public/typings/v1/vtex.product-specification-badges@0.4.1/public/@types/vtex.product-specification-badges":
    version "0.4.1"
    resolved "http://vtex.vtexassets.com/_v/public/typings/v1/vtex.product-specification-badges@0.4.1/public/@types/vtex.product-specification-badges#2c8416e3c69b6b4b0e73b81fff67b448743b38a3"
  
  "vtex.product-summary@http://vtex.vtexassets.com/_v/public/typings/v1/vtex.product-summary@2.90.3/public/@types/vtex.product-summary":
    version "2.90.3"
    resolved "http://vtex.vtexassets.com/_v/public/typings/v1/vtex.product-summary@2.90.3/public/@types/vtex.product-summary#019e2eb9123d750e73c313defb6d02254d652755"
  
  "vtex.render-runtime@http://vtex.vtexassets.com/_v/public/typings/v1/vtex.render-runtime@8.136.1/public/@types/vtex.render-runtime":
    version "8.136.1"
    resolved "http://vtex.vtexassets.com/_v/public/typings/v1/vtex.render-runtime@8.136.1/public/@types/vtex.render-runtime#f163acbdb0fcc9be2065a34eb4fc797093f6d0ce"
  
  "vtex.responsive-layout@http://vtex.vtexassets.com/_v/public/typings/v1/vtex.responsive-layout@0.1.4/public/@types/vtex.responsive-layout":
    version "0.1.4"
    resolved "http://vtex.vtexassets.com/_v/public/typings/v1/vtex.responsive-layout@0.1.4/public/@types/vtex.responsive-layout#e67d61ec1e308accb4e0ef2bd172fe04a41bf662"
  
  "vtex.rich-text@http://vtex.vtexassets.com/_v/public/typings/v1/vtex.rich-text@0.16.0/public/@types/vtex.rich-text":
    version "0.16.0"
    resolved "http://vtex.vtexassets.com/_v/public/typings/v1/vtex.rich-text@0.16.0/public/@types/vtex.rich-text#0cdcaccffb37ae0d025894ba7055f69bc3c9aa30"
  
  "vtex.search-result@http://vtex.vtexassets.com/_v/public/typings/v1/vtex.search-result@3.136.1/public/@types/vtex.search-result":
    version "3.136.1"
    resolved "http://vtex.vtexassets.com/_v/public/typings/v1/vtex.search-result@3.136.1/public/@types/vtex.search-result#bf6cd0c5f2340cd70cc5736f4228f6dad34874c4"
  
  "vtex.session-client@http://vtex.vtexassets.com/_v/public/typings/v1/vtex.session-client@1.0.4/public/@types/vtex.session-client":
    version "1.0.4"
    resolved "http://vtex.vtexassets.com/_v/public/typings/v1/vtex.session-client@1.0.4/public/@types/vtex.session-client#392bd188b7c02b6903925cc7697cac1977522bd7"
  
  "vtex.shelf@http://vtex.vtexassets.com/_v/public/typings/v1/vtex.shelf@1.49.0/public/@types/vtex.shelf":
    version "1.49.0"
    resolved "http://vtex.vtexassets.com/_v/public/typings/v1/vtex.shelf@1.49.0/public/@types/vtex.shelf#32b849d3bd8bf07570cca0de801ee9a8708b869c"
  
  "vtex.slider-layout@http://vtex.vtexassets.com/_v/public/typings/v1/vtex.slider-layout@0.24.7/public/@types/vtex.slider-layout":
    version "0.24.7"
    resolved "http://vtex.vtexassets.com/_v/public/typings/v1/vtex.slider-layout@0.24.7/public/@types/vtex.slider-layout#1621fb65f43bdcf15f1d0ed818c1f0563a9f76ac"
  
  "vtex.slider@http://vtex.vtexassets.com/_v/public/typings/v1/vtex.slider@0.8.3/public/@types/vtex.slider":
    version "0.8.3"
    resolved "http://vtex.vtexassets.com/_v/public/typings/v1/vtex.slider@0.8.3/public/@types/vtex.slider#9b7be08012a5d3ec41fdc651235a964cb5f7db85"
  
  "vtex.stack-layout@http://vtex.vtexassets.com/_v/public/typings/v1/vtex.stack-layout@0.1.2/public/@types/vtex.stack-layout":
    version "0.1.2"
    resolved "http://vtex.vtexassets.com/_v/public/typings/v1/vtex.stack-layout@0.1.2/public/@types/vtex.stack-layout#ad7aa25e9102032b40cf7a3661c1f679860c63c2"
  
  "vtex.sticky-layout@http://vtex.vtexassets.com/_v/public/typings/v1/vtex.sticky-layout@0.3.4/public/@types/vtex.sticky-layout":
    version "0.3.4"
    resolved "http://vtex.vtexassets.com/_v/public/typings/v1/vtex.sticky-layout@0.3.4/public/@types/vtex.sticky-layout#5b786d6f9ab0a40e4997c955a75885eee32515ef"
  
  "vtex.store-components@http://vtex.vtexassets.com/_v/public/typings/v1/vtex.store-components@3.178.0/public/@types/vtex.store-components":
    version "3.178.0"
    resolved "http://vtex.vtexassets.com/_v/public/typings/v1/vtex.store-components@3.178.0/public/@types/vtex.store-components#550f859ed4eb8bbbf11c12d0a6c11a0c98811fba"
  
  "vtex.store-drawer@http://vtex.vtexassets.com/_v/public/typings/v1/vtex.store-drawer@0.18.1/public/@types/vtex.store-drawer":
    version "0.18.1"
    resolved "http://vtex.vtexassets.com/_v/public/typings/v1/vtex.store-drawer@0.18.1/public/@types/vtex.store-drawer#6a9c41b35d9f992c7683f2d275c0817271619075"
  
  "vtex.store-footer@http://vtex.vtexassets.com/_v/public/typings/v1/vtex.store-footer@2.27.0/public/@types/vtex.store-footer":
    version "2.27.0"
    resolved "http://vtex.vtexassets.com/_v/public/typings/v1/vtex.store-footer@2.27.0/public/@types/vtex.store-footer#81c4e23689a6d4e97d6b8b8de930f76c7dfdcbd9"
  
  "vtex.store-graphql@http://vtex.vtexassets.com/_v/public/typings/v1/vtex.store-graphql@2.173.0/public/@types/vtex.store-graphql":
    version "2.173.0"
    resolved "http://vtex.vtexassets.com/_v/public/typings/v1/vtex.store-graphql@2.173.0/public/@types/vtex.store-graphql#362658f92478790755777fe325c4e3a90afc877d"
  
  "vtex.store-header@http://vtex.vtexassets.com/_v/public/typings/v1/vtex.store-header@2.29.0/public/@types/vtex.store-header":
    version "2.29.0"
    resolved "http://vtex.vtexassets.com/_v/public/typings/v1/vtex.store-header@2.29.0/public/@types/vtex.store-header#702033f782c6c25ae2fed42b5a3703db5fd1ac87"
  
  "vtex.store-icons@http://vtex.vtexassets.com/_v/public/typings/v1/vtex.store-icons@0.18.0/public/@types/vtex.store-icons":
    version "0.18.0"
    resolved "http://vtex.vtexassets.com/_v/public/typings/v1/vtex.store-icons@0.18.0/public/@types/vtex.store-icons#0ee94d549aa283ce3a13ab987c13eac4fdfd1bba"
  
  "vtex.store-image@http://vtex.vtexassets.com/_v/public/typings/v1/vtex.store-image@0.23.1/public/@types/vtex.store-image":
    version "0.23.1"
    resolved "http://vtex.vtexassets.com/_v/public/typings/v1/vtex.store-image@0.23.1/public/@types/vtex.store-image#057991d97102568bcd7b1dadfd11e5e8ae6f2d98"
  
  "vtex.store-link@http://vtex.vtexassets.com/_v/public/typings/v1/vtex.store-link@0.9.3/public/@types/vtex.store-link":
    version "0.9.3"
    resolved "http://vtex.vtexassets.com/_v/public/typings/v1/vtex.store-link@0.9.3/public/@types/vtex.store-link#aedb5f66c1d478bcc14041f6232fa30a912a88fd"
  
  "vtex.store-media@http://vtex.vtexassets.com/_v/public/typings/v1/vtex.store-media@0.3.0/public/@types/vtex.store-media":
    version "0.3.0"
    resolved "http://vtex.vtexassets.com/_v/public/typings/v1/vtex.store-media@0.3.0/public/@types/vtex.store-media#7ca27b6b439489d46785ce0414eed8c311402c73"
  
  "vtex.store-newsletter@http://vtex.vtexassets.com/_v/public/typings/v1/vtex.store-newsletter@1.3.0/public/@types/vtex.store-newsletter":
    version "1.3.0"
    resolved "http://vtex.vtexassets.com/_v/public/typings/v1/vtex.store-newsletter@1.3.0/public/@types/vtex.store-newsletter#29dd0374e8b44dbf734b7e14f31c2b11e1be71fc"
  
  "vtex.store-video@http://vtex.vtexassets.com/_v/public/typings/v1/vtex.store-video@1.4.3/public/@types/vtex.store-video":
    version "1.4.3"
    resolved "http://vtex.vtexassets.com/_v/public/typings/v1/vtex.store-video@1.4.3/public/@types/vtex.store-video#39c9ebc2b1d0edbf3310226b6d93bc1c09091856"
  
  "vtex.store@http://vtex.vtexassets.com/_v/public/typings/v1/vtex.store@2.141.0/public/@types/vtex.store":
    version "2.141.0"
    resolved "http://vtex.vtexassets.com/_v/public/typings/v1/vtex.store@2.141.0/public/@types/vtex.store#537010362d8d85c071623e7582bed978a6e86331"
  
  "vtex.styleguide@http://vtex.vtexassets.com/_v/public/typings/v1/vtex.styleguide@9.146.13/public/@types/vtex.styleguide":
    version "9.146.13"
    resolved "http://vtex.vtexassets.com/_v/public/typings/v1/vtex.styleguide@9.146.13/public/@types/vtex.styleguide#f4ccbc54621bf5114ddd115b6032ae320f2eba55"
  
  "vtex.tab-layout@http://vtex.vtexassets.com/_v/public/typings/v1/vtex.tab-layout@0.4.6/public/@types/vtex.tab-layout":
    version "0.4.6"
    resolved "http://vtex.vtexassets.com/_v/public/typings/v1/vtex.tab-layout@0.4.6/public/@types/vtex.tab-layout#d0331c51239c0f677e1e405a967eb3e7dcad5cb9"
  
  "vtex.telemarketing@http://vtex.vtexassets.com/_v/public/typings/v1/vtex.telemarketing@2.12.1/public/@types/vtex.telemarketing":
    version "2.12.1"
    resolved "http://vtex.vtexassets.com/_v/public/typings/v1/vtex.telemarketing@2.12.1/public/@types/vtex.telemarketing#0b43598b66598b4085af04268140ea8a8d84e263"
  
  "vtex.wish-list@http://vtex.vtexassets.com/_v/public/typings/v1/vtex.wish-list@1.18.2/public/@types/vtex.wish-list":
    version "1.18.2"
    resolved "http://vtex.vtexassets.com/_v/public/typings/v1/vtex.wish-list@1.18.2/public/@types/vtex.wish-list#a7c756efa45b11a9548279e9014a971562147c20"
